This is pdfTeX, Version 3.14159265-2.6-1.40.16 (TeX Live 2015) (preloaded format=pdflatex 2015.5.24)  19 APR 2020 23:48
entering extended mode
 \write18 enabled.
 file:line:error style messages enabled.
 %&-line parsing enabled.
**tsam_Covid-19_cfrAnalysis.tex
(./tsam_Covid-19_cfrAnalysis.tex
LaTeX2e <2015/01/01>
Babel <3.9l> and hyphenation patterns for 79 languages loaded.
(/usr/local/texlive/2015/texmf-dist/tex/latex/base/article.cls
Document Class: article 2014/09/29 v1.4h Standard LaTeX document class
(/usr/local/texlive/2015/texmf-dist/tex/latex/base/size10.clo
File: size10.clo 2014/09/29 v1.4h Standard LaTeX file (size option)
)
\c@part=\count79
\c@section=\count80
\c@subsection=\count81
\c@subsubsection=\count82
\c@paragraph=\count83
\c@subparagraph=\count84
\c@figure=\count85
\c@table=\count86
\abovecaptionskip=\skip41
\belowcaptionskip=\skip42
\bibindent=\dimen102
)

! LaTeX Error: File `mahvPreamble.tex' not found.

Type X to quit or <RETURN> to proceed,
or enter new name. (Default extension: tex)

Enter file name: r
(/usr/local/texlive/2015/texmf-dist/tex/latex/tools/r.tex File ignored
)

! LaTeX Error: File `mahvLaTeXCommands.tex' not found.

Type X to quit or <RETURN> to proceed,
or enter new name. (Default extension: tex)

Enter file name: 
./tsam_Covid-19_cfrAnalysis.tex:3: Emergency stop.
<read *> 
         
l.3 \input{mahvLaTeXCommands}
                             ^^M
*** (cannot \read from terminal in nonstop modes)

 
Here is how much of TeX's memory you used:
 202 strings out of 493089
 2370 string characters out of 6134842
 53199 words of memory out of 5000000
 3773 multiletter control sequences out of 15000+600000
 3640 words of font info for 14 fonts, out of 8000000 for 9000
 1141 hyphenation exceptions out of 8191
 23i,0n,17p,153b,36s stack positions out of 5000i,500n,10000p,200000b,80000s
./tsam_Covid-19_cfrAnalysis.tex:3:  ==> Fatal error occurred, no output PDF fil
e produced!
